Copyright 1986-2020 Xilinx, Inc. All Rights Reserved.
----------------------------------------------------------------------------------------
| Tool Version     : Vivado v.2020.1 (lin64) Build 2902540 Wed May 27 19:54:35 MDT 2020
| Date             : Tue Dec 15 10:40:37 2020
| Host             : maicol-B450M-DS3H running 64-bit Ubuntu 20.04.1 LTS
| Command          : report_power -file nexys4ddr_power.rpt
| Design           : nexys4ddr
| Device           : xc7a100tcsg324-1
| Design State     : routed
| Grade            : commercial
| Process          : typical
| Characterization : Production
----------------------------------------------------------------------------------------

Power Report

Table of Contents
-----------------
1. Summary
1.1 On-Chip Components
1.2 Power Supply Summary
1.3 Confidence Level
2. Settings
2.1 Environment
2.2 Clock Constraints
3. Detailed Reports
3.1 By Hierarchy

1. Summary
----------

+--------------------------+----------------------------------+
| Total On-Chip Power (W)  | 54.006 (Junction temp exceeded!) |
| Design Power Budget (W)  | Unspecified*                     |
| Power Budget Margin (W)  | NA                               |
| Dynamic (W)              | 53.127                           |
| Device Static (W)        | 0.879                            |
| Effective TJA (C/W)      | 4.6                              |
| Max Ambient (C)          | 0.0                              |
| Junction Temperature (C) | 125.0                            |
| Confidence Level         | Low                              |
| Setting File             | ---                              |
| Simulation Activity File | ---                              |
| Design Nets Matched      | NA                               |
+--------------------------+----------------------------------+
* Specify Design Power Budget using, set_operating_conditions -design_power_budget <value in Watts>


1.1 On-Chip Components
----------------------

+--------------------------+-----------+----------+-----------+-----------------+
| On-Chip                  | Power (W) | Used     | Available | Utilization (%) |
+--------------------------+-----------+----------+-----------+-----------------+
| Slice Logic              |     9.673 |     8698 |       --- |             --- |
|   LUT as Logic           |     7.651 |     3938 |     63400 |            6.21 |
|   CARRY4                 |     1.153 |      452 |     15850 |            2.85 |
|   Register               |     0.561 |     3395 |    126800 |            2.68 |
|   LUT as Distributed RAM |     0.279 |      136 |     19000 |            0.72 |
|   BUFG                   |     0.029 |        5 |        32 |           15.63 |
|   Others                 |     0.000 |       36 |       --- |             --- |
| Signals                  |    11.936 |     6801 |       --- |             --- |
| Block RAM                |     6.113 |      134 |       135 |           99.26 |
| MMCM                     |     4.349 |        1 |         6 |           16.67 |
| DSPs                     |     0.196 |        1 |       240 |            0.42 |
| I/O                      |    20.859 |       86 |       210 |           40.95 |
| Static Power             |     0.879 |          |           |                 |
| Total                    |    54.006 |          |           |                 |
+--------------------------+-----------+----------+-----------+-----------------+


1.2 Power Supply Summary
------------------------

+-----------+-------------+-----------+-------------+------------+-------------+-------------+------------+
| Source    | Voltage (V) | Total (A) | Dynamic (A) | Static (A) | Powerup (A) | Budget (A)  | Margin (A) |
+-----------+-------------+-----------+-------------+------------+-------------+-------------+------------+
| Vccint    |       1.000 |    28.154 |      27.551 |      0.603 |       NA    | Unspecified | NA         |
| Vccaux    |       1.800 |     3.254 |       3.161 |      0.093 |       NA    | Unspecified | NA         |
| Vcco33    |       3.300 |     5.873 |       5.869 |      0.004 |       NA    | Unspecified | NA         |
| Vcco25    |       2.500 |     0.000 |       0.000 |      0.000 |       NA    | Unspecified | NA         |
| Vcco18    |       1.800 |     0.000 |       0.000 |      0.000 |       NA    | Unspecified | NA         |
| Vcco15    |       1.500 |     0.000 |       0.000 |      0.000 |       NA    | Unspecified | NA         |
| Vcco135   |       1.350 |     0.000 |       0.000 |      0.000 |       NA    | Unspecified | NA         |
| Vcco12    |       1.200 |     0.000 |       0.000 |      0.000 |       NA    | Unspecified | NA         |
| Vccaux_io |       1.800 |     0.000 |       0.000 |      0.000 |       NA    | Unspecified | NA         |
| Vccbram   |       1.000 |     0.578 |       0.518 |      0.060 |       NA    | Unspecified | NA         |
| MGTAVcc   |       1.000 |     0.000 |       0.000 |      0.000 |       NA    | Unspecified | NA         |
| MGTAVtt   |       1.200 |     0.000 |       0.000 |      0.000 |       NA    | Unspecified | NA         |
| Vccadc    |       1.800 |     0.020 |       0.000 |      0.020 |       NA    | Unspecified | NA         |
+-----------+-------------+-----------+-------------+------------+-------------+-------------+------------+


1.3 Confidence Level
--------------------

+-----------------------------+------------+--------------------------------------------------------+--------------------------------------------------------------------------------------------------------------------+
| User Input Data             | Confidence | Details                                                | Action                                                                                                             |
+-----------------------------+------------+--------------------------------------------------------+--------------------------------------------------------------------------------------------------------------------+
| Design implementation state | High       | Design is routed                                       |                                                                                                                    |
| Clock nodes activity        | Low        | User specified less than 75% of clocks                 | Provide missing clock activity with a constraint file, simulation results or by editing the "By Clock Domain" view |
| I/O nodes activity          | Low        | More than 75% of inputs are missing user specification | Provide missing input activity with simulation results or by editing the "By Resource Type -> I/Os" view           |
| Internal nodes activity     | Medium     | User specified less than 25% of internal nodes         | Provide missing internal nodes activity with simulation results or by editing the "By Resource Type" views         |
| Device models               | High       | Device models are Production                           |                                                                                                                    |
|                             |            |                                                        |                                                                                                                    |
| Overall confidence level    | Low        |                                                        |                                                                                                                    |
+-----------------------------+------------+--------------------------------------------------------+--------------------------------------------------------------------------------------------------------------------+


2. Settings
-----------

2.1 Environment
---------------

+-----------------------+--------------------------+
| Ambient Temp (C)      | 25.0                     |
| ThetaJA (C/W)         | 4.6                      |
| Airflow (LFM)         | 250                      |
| Heat Sink             | medium (Medium Profile)  |
| ThetaSA (C/W)         | 4.6                      |
| Board Selection       | medium (10"x10")         |
| # of Board Layers     | 12to15 (12 to 15 Layers) |
| Board Temperature (C) | 25.0                     |
+-----------------------+--------------------------+


2.2 Clock Constraints
---------------------

+-------+--------+-----------------+
| Clock | Domain | Constraint (ns) |
+-------+--------+-----------------+


3. Detailed Reports
-------------------

3.1 By Hierarchy
----------------

+-------------------------------+-----------+
| Name                          | Power (W) |
+-------------------------------+-----------+
| nexys4ddr                     |    53.127 |
|   bloquePWM                   |     0.115 |
|     DivisorF                  |     0.115 |
|   bloqueultrasonido           |     0.605 |
|     maquinadeestados0         |     0.093 |
|       divisorfrecme0          |     0.093 |
|     ultrasonido0              |     0.512 |
|       contador0               |     0.126 |
|       divisorfrec0            |     0.093 |
|       divisorfrecd0           |     0.144 |
|       divisorfrecgen0         |     0.149 |
|   imageProcess                |     5.304 |
|     clk25_24                  |     4.385 |
|       inst                    |     4.385 |
|   picorv32                    |     9.774 |
|     cpuregs_reg_r1_0_63_0_2   |     0.020 |
|     cpuregs_reg_r1_0_63_12_14 |     0.025 |
|     cpuregs_reg_r1_0_63_15_17 |     0.017 |
|     cpuregs_reg_r1_0_63_18_20 |     0.018 |
|     cpuregs_reg_r1_0_63_21_23 |     0.019 |
|     cpuregs_reg_r1_0_63_24_26 |     0.018 |
|     cpuregs_reg_r1_0_63_27_29 |     0.019 |
|     cpuregs_reg_r1_0_63_30_31 |     0.013 |
|     cpuregs_reg_r1_0_63_3_5   |     0.018 |
|     cpuregs_reg_r1_0_63_6_8   |     0.019 |
|     cpuregs_reg_r1_0_63_9_11  |     0.021 |
|     cpuregs_reg_r2_0_63_0_2   |     0.025 |
|     cpuregs_reg_r2_0_63_12_14 |     0.045 |
|     cpuregs_reg_r2_0_63_15_17 |     0.038 |
|     cpuregs_reg_r2_0_63_18_20 |     0.031 |
|     cpuregs_reg_r2_0_63_21_23 |     0.032 |
|     cpuregs_reg_r2_0_63_24_26 |     0.031 |
|     cpuregs_reg_r2_0_63_27_29 |     0.039 |
|     cpuregs_reg_r2_0_63_30_31 |     0.027 |
|     cpuregs_reg_r2_0_63_3_5   |     0.038 |
|     cpuregs_reg_r2_0_63_6_8   |     0.041 |
|     cpuregs_reg_r2_0_63_9_11  |     0.043 |
|     pcpi_div                  |     1.592 |
|     pcpi_mul                  |     0.354 |
+-------------------------------+-----------+


